<?xml version="1.0" encoding="UTF-8"?>
<!-- Generated by org.testng.reporters.JUnitXMLReporter -->
<testsuite ignored="0" hostname="Anil-PC" failures="0" tests="3" name="Default test" time="42.186" errors="0" timestamp="2020-10-04T15:28:25 BST">
  <testcase classname="tests.computerDBTestCases" name="addNewComputer" time="8.471"/>
  <testcase classname="tests.computerDBTestCases" name="editComputer" time="7.892"/>
  <testcase classname="tests.computerDBTestCases" name="DeleteComputer" time="7.211"/>
</testsuite> <!-- Default test -->
