<?xml version="1.0" encoding="UTF-8"?>
<testng-results ignored="0" total="3" passed="3" failed="0" skipped="0">
  <reporter-output>
  </reporter-output>
  <suite started-at="2020-10-04T15:27:43 BST" name="Default suite" finished-at="2020-10-04T15:28:25 BST" duration-ms="42186">
    <groups>
    </groups>
    <test started-at="2020-10-04T15:27:43 BST" name="Default test" finished-at="2020-10-04T15:28:25 BST" duration-ms="42186">
      <class name="tests.computerDBTestCases">
        <test-method is-config="true" signature="initDriver()[pri:0, instance:tests.computerDBTestCases@197d671]" started-at="2020-10-04T15:27:43 BST" name="initDriver" finished-at="2020-10-04T15:27:48 BST" duration-ms="5388" status="PASS">
          <reporter-output>
          </reporter-output>
        </test-method> <!-- initDriver -->
        <test-method signature="addNewComputer()[pri:1, instance:tests.computerDBTestCases@197d671]" started-at="2020-10-04T15:27:48 BST" name="addNewComputer" finished-at="2020-10-04T15:27:57 BST" duration-ms="8471" status="PASS">
          <reporter-output>
          </reporter-output>
        </test-method> <!-- addNewComputer -->
        <test-method is-config="true" signature="closeBrowser()[pri:0, instance:tests.computerDBTestCases@197d671]" started-at="2020-10-04T15:27:57 BST" name="closeBrowser" finished-at="2020-10-04T15:27:59 BST" duration-ms="2082" status="PASS">
          <reporter-output>
          </reporter-output>
        </test-method> <!-- closeBrowser -->
        <test-method is-config="true" signature="initDriver()[pri:0, instance:tests.computerDBTestCases@197d671]" started-at="2020-10-04T15:27:59 BST" name="initDriver" finished-at="2020-10-04T15:28:03 BST" duration-ms="4325" status="PASS">
          <reporter-output>
          </reporter-output>
        </test-method> <!-- initDriver -->
        <test-method signature="editComputer()[pri:2, instance:tests.computerDBTestCases@197d671]" started-at="2020-10-04T15:28:03 BST" name="editComputer" finished-at="2020-10-04T15:28:11 BST" duration-ms="7892" status="PASS">
          <reporter-output>
          </reporter-output>
        </test-method> <!-- editComputer -->
        <test-method is-config="true" signature="closeBrowser()[pri:0, instance:tests.computerDBTestCases@197d671]" started-at="2020-10-04T15:28:11 BST" name="closeBrowser" finished-at="2020-10-04T15:28:13 BST" duration-ms="2080" status="PASS">
          <reporter-output>
          </reporter-output>
        </test-method> <!-- closeBrowser -->
        <test-method is-config="true" signature="initDriver()[pri:0, instance:tests.computerDBTestCases@197d671]" started-at="2020-10-04T15:28:13 BST" name="initDriver" finished-at="2020-10-04T15:28:18 BST" duration-ms="4374" status="PASS">
          <reporter-output>
          </reporter-output>
        </test-method> <!-- initDriver -->
        <test-method signature="DeleteComputer()[pri:3, instance:tests.computerDBTestCases@197d671]" started-at="2020-10-04T15:28:18 BST" name="DeleteComputer" finished-at="2020-10-04T15:28:25 BST" duration-ms="7211" status="PASS">
          <reporter-output>
          </reporter-output>
        </test-method> <!-- DeleteComputer -->
        <test-method is-config="true" signature="closeBrowser()[pri:0, instance:tests.computerDBTestCases@197d671]" started-at="2020-10-04T15:28:25 BST" name="closeBrowser" finished-at="2020-10-04T15:28:25 BST" duration-ms="312" status="PASS">
          <reporter-output>
          </reporter-output>
        </test-method> <!-- closeBrowser -->
      </class> <!-- tests.computerDBTestCases -->
    </test> <!-- Default test -->
  </suite> <!-- Default suite -->
</testng-results>
